2016/02/05 10:44:16 [error] [exception.CHttpException.404] exception 'CHttpException' with message 'The system is unable to find the requested action "images".' in C:\xampp\htdocs\mypropertylk\protected\framework\web\CController.php:484
Stack trace:
#0 C:\xampp\htdocs\mypropertylk\protected\framework\web\CController.php(271): CController->missingAction('images')
#1 C:\xampp\htdocs\mypropertylk\protected\framework\web\CWebApplication.php(276): CController->run('images')
#2 C:\xampp\htdocs\mypropertylk\protected\framework\web\CWebApplication.php(135): CWebApplication->runController('site/images/nav...')
#3 C:\xampp\htdocs\mypropertylk\protected\framework\base\CApplication.php(162): CWebApplication->processRequest()
#4 C:\xampp\htdocs\mypropertylk\index.php(15): CApplication->run()
#5 {main}
REQUEST_URI=/mypropertylk/site/images/nav-head.png
HTTP_REFERER=http://localhost:81/mypropertylk/site/services?marketing
---
2016/02/05 10:44:35 [error] [exception.CHttpException.404] exception 'CHttpException' with message 'The system is unable to find the requested action "images".' in C:\xampp\htdocs\mypropertylk\protected\framework\web\CController.php:484
Stack trace:
#0 C:\xampp\htdocs\mypropertylk\protected\framework\web\CController.php(271): CController->missingAction('images')
#1 C:\xampp\htdocs\mypropertylk\protected\framework\web\CWebApplication.php(276): CController->run('images')
#2 C:\xampp\htdocs\mypropertylk\protected\framework\web\CWebApplication.php(135): CWebApplication->runController('site/images/nav...')
#3 C:\xampp\htdocs\mypropertylk\protected\framework\base\CApplication.php(162): CWebApplication->processRequest()
#4 C:\xampp\htdocs\mypropertylk\index.php(15): CApplication->run()
#5 {main}
REQUEST_URI=/mypropertylk/site/images/nav-head.png
HTTP_REFERER=http://localhost:81/mypropertylk/site/services?management
---
2016/02/05 10:44:48 [error] [exception.CHttpException.404] exception 'CHttpException' with message 'The system is unable to find the requested action "images".' in C:\xampp\htdocs\mypropertylk\protected\framework\web\CController.php:484
Stack trace:
#0 C:\xampp\htdocs\mypropertylk\protected\framework\web\CController.php(271): CController->missingAction('images')
#1 C:\xampp\htdocs\mypropertylk\protected\framework\web\CWebApplication.php(276): CController->run('images')
#2 C:\xampp\htdocs\mypropertylk\protected\framework\web\CWebApplication.php(135): CWebApplication->runController('site/images/nav...')
#3 C:\xampp\htdocs\mypropertylk\protected\framework\base\CApplication.php(162): CWebApplication->processRequest()
#4 C:\xampp\htdocs\mypropertylk\index.php(15): CApplication->run()
#5 {main}
REQUEST_URI=/mypropertylk/site/images/nav-head.png
HTTP_REFERER=http://localhost:81/mypropertylk/site/services?investment
---
2016/02/05 10:44:59 [error] [exception.CHttpException.404] exception 'CHttpException' with message 'The system is unable to find the requested action "images".' in C:\xampp\htdocs\mypropertylk\protected\framework\web\CController.php:484
Stack trace:
#0 C:\xampp\htdocs\mypropertylk\protected\framework\web\CController.php(271): CController->missingAction('images')
#1 C:\xampp\htdocs\mypropertylk\protected\framework\web\CWebApplication.php(276): CController->run('images')
#2 C:\xampp\htdocs\mypropertylk\protected\framework\web\CWebApplication.php(135): CWebApplication->runController('site/images/nav...')
#3 C:\xampp\htdocs\mypropertylk\protected\framework\base\CApplication.php(162): CWebApplication->processRequest()
#4 C:\xampp\htdocs\mypropertylk\index.php(15): CApplication->run()
#5 {main}
REQUEST_URI=/mypropertylk/site/images/nav-head.png
HTTP_REFERER=http://localhost:81/mypropertylk/site/services?brokerage
---
2016/02/05 10:45:11 [error] [exception.CHttpException.404] exception 'CHttpException' with message 'The system is unable to find the requested action "images".' in C:\xampp\htdocs\mypropertylk\protected\framework\web\CController.php:484
Stack trace:
#0 C:\xampp\htdocs\mypropertylk\protected\framework\web\CController.php(271): CController->missingAction('images')
#1 C:\xampp\htdocs\mypropertylk\protected\framework\web\CWebApplication.php(276): CController->run('images')
#2 C:\xampp\htdocs\mypropertylk\protected\framework\web\CWebApplication.php(135): CWebApplication->runController('site/images/nav...')
#3 C:\xampp\htdocs\mypropertylk\protected\framework\base\CApplication.php(162): CWebApplication->processRequest()
#4 C:\xampp\htdocs\mypropertylk\index.php(15): CApplication->run()
#5 {main}
REQUEST_URI=/mypropertylk/site/images/nav-head.png
HTTP_REFERER=http://localhost:81/mypropertylk/site/services?marketing
---
2016/02/05 10:45:37 [error] [exception.CHttpException.404] exception 'CHttpException' with message 'The system is unable to find the requested action "images".' in C:\xampp\htdocs\mypropertylk\protected\framework\web\CController.php:484
Stack trace:
#0 C:\xampp\htdocs\mypropertylk\protected\framework\web\CController.php(271): CController->missingAction('images')
#1 C:\xampp\htdocs\mypropertylk\protected\framework\web\CWebApplication.php(276): CController->run('images')
#2 C:\xampp\htdocs\mypropertylk\protected\framework\web\CWebApplication.php(135): CWebApplication->runController('site/images/nav...')
#3 C:\xampp\htdocs\mypropertylk\protected\framework\base\CApplication.php(162): CWebApplication->processRequest()
#4 C:\xampp\htdocs\mypropertylk\index.php(15): CApplication->run()
#5 {main}
REQUEST_URI=/mypropertylk/site/images/nav-head.png
HTTP_REFERER=http://localhost:81/mypropertylk/site/services?marketing
---
2016/02/05 10:45:37 [error] [exception.CHttpException.404] exception 'CHttpException' with message 'The system is unable to find the requested action "images".' in C:\xampp\htdocs\mypropertylk\protected\framework\web\CController.php:484
Stack trace:
#0 C:\xampp\htdocs\mypropertylk\protected\framework\web\CController.php(271): CController->missingAction('images')
#1 C:\xampp\htdocs\mypropertylk\protected\framework\web\CWebApplication.php(276): CController->run('images')
#2 C:\xampp\htdocs\mypropertylk\protected\framework\web\CWebApplication.php(135): CWebApplication->runController('site/images/nav...')
#3 C:\xampp\htdocs\mypropertylk\protected\framework\base\CApplication.php(162): CWebApplication->processRequest()
#4 C:\xampp\htdocs\mypropertylk\index.php(15): CApplication->run()
#5 {main}
REQUEST_URI=/mypropertylk/site/images/nav-head.png
HTTP_REFERER=http://localhost:81/mypropertylk/site/services?marketing
---
2016/02/05 10:45:52 [error] [exception.CHttpException.404] exception 'CHttpException' with message 'The system is unable to find the requested action "images".' in C:\xampp\htdocs\mypropertylk\protected\framework\web\CController.php:484
Stack trace:
#0 C:\xampp\htdocs\mypropertylk\protected\framework\web\CController.php(271): CController->missingAction('images')
#1 C:\xampp\htdocs\mypropertylk\protected\framework\web\CWebApplication.php(276): CController->run('images')
#2 C:\xampp\htdocs\mypropertylk\protected\framework\web\CWebApplication.php(135): CWebApplication->runController('site/images/nav...')
#3 C:\xampp\htdocs\mypropertylk\protected\framework\base\CApplication.php(162): CWebApplication->processRequest()
#4 C:\xampp\htdocs\mypropertylk\index.php(15): CApplication->run()
#5 {main}
REQUEST_URI=/mypropertylk/site/images/nav-head.png
HTTP_REFERER=http://localhost:81/mypropertylk/site/services?marketing
---
2016/02/05 10:45:58 [error] [exception.CHttpException.404] exception 'CHttpException' with message 'The system is unable to find the requested action "images".' in C:\xampp\htdocs\mypropertylk\protected\framework\web\CController.php:484
Stack trace:
#0 C:\xampp\htdocs\mypropertylk\protected\framework\web\CController.php(271): CController->missingAction('images')
#1 C:\xampp\htdocs\mypropertylk\protected\framework\web\CWebApplication.php(276): CController->run('images')
#2 C:\xampp\htdocs\mypropertylk\protected\framework\web\CWebApplication.php(135): CWebApplication->runController('site/images/nav...')
#3 C:\xampp\htdocs\mypropertylk\protected\framework\base\CApplication.php(162): CWebApplication->processRequest()
#4 C:\xampp\htdocs\mypropertylk\index.php(15): CApplication->run()
#5 {main}
REQUEST_URI=/mypropertylk/site/images/nav-head.png
HTTP_REFERER=http://localhost:81/mypropertylk/site/services?brokerage
---
2016/02/05 10:46:09 [error] [exception.CHttpException.404] exception 'CHttpException' with message 'The system is unable to find the requested action "images".' in C:\xampp\htdocs\mypropertylk\protected\framework\web\CController.php:484
Stack trace:
#0 C:\xampp\htdocs\mypropertylk\protected\framework\web\CController.php(271): CController->missingAction('images')
#1 C:\xampp\htdocs\mypropertylk\protected\framework\web\CWebApplication.php(276): CController->run('images')
#2 C:\xampp\htdocs\mypropertylk\protected\framework\web\CWebApplication.php(135): CWebApplication->runController('site/images/nav...')
#3 C:\xampp\htdocs\mypropertylk\protected\framework\base\CApplication.php(162): CWebApplication->processRequest()
#4 C:\xampp\htdocs\mypropertylk\index.php(15): CApplication->run()
#5 {main}
REQUEST_URI=/mypropertylk/site/images/nav-head.png
HTTP_REFERER=http://localhost:81/mypropertylk/site/services?management
---
2016/02/05 10:46:19 [error] [exception.CHttpException.404] exception 'CHttpException' with message 'The system is unable to find the requested action "images".' in C:\xampp\htdocs\mypropertylk\protected\framework\web\CController.php:484
Stack trace:
#0 C:\xampp\htdocs\mypropertylk\protected\framework\web\CController.php(271): CController->missingAction('images')
#1 C:\xampp\htdocs\mypropertylk\protected\framework\web\CWebApplication.php(276): CController->run('images')
#2 C:\xampp\htdocs\mypropertylk\protected\framework\web\CWebApplication.php(135): CWebApplication->runController('site/images/nav...')
#3 C:\xampp\htdocs\mypropertylk\protected\framework\base\CApplication.php(162): CWebApplication->processRequest()
#4 C:\xampp\htdocs\mypropertylk\index.php(15): CApplication->run()
#5 {main}
REQUEST_URI=/mypropertylk/site/images/nav-head.png
HTTP_REFERER=http://localhost:81/mypropertylk/site/services?investment
---
2016/02/05 10:56:58 [error] [exception.CHttpException.404] exception 'CHttpException' with message 'The system is unable to find the requested action "images".' in C:\xampp\htdocs\mypropertylk\protected\framework\web\CController.php:484
Stack trace:
#0 C:\xampp\htdocs\mypropertylk\protected\framework\web\CController.php(271): CController->missingAction('images')
#1 C:\xampp\htdocs\mypropertylk\protected\framework\web\CWebApplication.php(276): CController->run('images')
#2 C:\xampp\htdocs\mypropertylk\protected\framework\web\CWebApplication.php(135): CWebApplication->runController('site/images/nav...')
#3 C:\xampp\htdocs\mypropertylk\protected\framework\base\CApplication.php(162): CWebApplication->processRequest()
#4 C:\xampp\htdocs\mypropertylk\index.php(15): CApplication->run()
#5 {main}
REQUEST_URI=/mypropertylk/site/images/nav-head.png
HTTP_REFERER=http://localhost:81/mypropertylk/site/services?investment
---
2016/02/05 10:57:01 [error] [exception.CHttpException.404] exception 'CHttpException' with message 'The system is unable to find the requested action "images".' in C:\xampp\htdocs\mypropertylk\protected\framework\web\CController.php:484
Stack trace:
#0 C:\xampp\htdocs\mypropertylk\protected\framework\web\CController.php(271): CController->missingAction('images')
#1 C:\xampp\htdocs\mypropertylk\protected\framework\web\CWebApplication.php(276): CController->run('images')
#2 C:\xampp\htdocs\mypropertylk\protected\framework\web\CWebApplication.php(135): CWebApplication->runController('site/images/nav...')
#3 C:\xampp\htdocs\mypropertylk\protected\framework\base\CApplication.php(162): CWebApplication->processRequest()
#4 C:\xampp\htdocs\mypropertylk\index.php(15): CApplication->run()
#5 {main}
REQUEST_URI=/mypropertylk/site/images/nav-head.png
HTTP_REFERER=http://localhost:81/mypropertylk/site/services?investment
---
2016/02/05 11:05:10 [error] [exception.CHttpException.404] exception 'CHttpException' with message 'The system is unable to find the requested action "images".' in C:\xampp\htdocs\mypropertylk\protected\framework\web\CController.php:484
Stack trace:
#0 C:\xampp\htdocs\mypropertylk\protected\framework\web\CController.php(271): CController->missingAction('images')
#1 C:\xampp\htdocs\mypropertylk\protected\framework\web\CWebApplication.php(276): CController->run('images')
#2 C:\xampp\htdocs\mypropertylk\protected\framework\web\CWebApplication.php(135): CWebApplication->runController('site/images/nav...')
#3 C:\xampp\htdocs\mypropertylk\protected\framework\base\CApplication.php(162): CWebApplication->processRequest()
#4 C:\xampp\htdocs\mypropertylk\index.php(15): CApplication->run()
#5 {main}
REQUEST_URI=/mypropertylk/site/images/nav-head.png
HTTP_REFERER=http://localhost:81/mypropertylk/site/services?investment
---
2016/02/05 11:05:10 [error] [exception.CHttpException.404] exception 'CHttpException' with message 'The system is unable to find the requested action "images".' in C:\xampp\htdocs\mypropertylk\protected\framework\web\CController.php:484
Stack trace:
#0 C:\xampp\htdocs\mypropertylk\protected\framework\web\CController.php(271): CController->missingAction('images')
#1 C:\xampp\htdocs\mypropertylk\protected\framework\web\CWebApplication.php(276): CController->run('images')
#2 C:\xampp\htdocs\mypropertylk\protected\framework\web\CWebApplication.php(135): CWebApplication->runController('site/images/nav...')
#3 C:\xampp\htdocs\mypropertylk\protected\framework\base\CApplication.php(162): CWebApplication->processRequest()
#4 C:\xampp\htdocs\mypropertylk\index.php(15): CApplication->run()
#5 {main}
REQUEST_URI=/mypropertylk/site/images/nav-head.png
HTTP_REFERER=http://localhost:81/mypropertylk/site/services?investment
---
2016/02/05 11:09:30 [error] [exception.CHttpException.404] exception 'CHttpException' with message 'The system is unable to find the requested action "images".' in C:\xampp\htdocs\mypropertylk\protected\framework\web\CController.php:484
Stack trace:
#0 C:\xampp\htdocs\mypropertylk\protected\framework\web\CController.php(271): CController->missingAction('images')
#1 C:\xampp\htdocs\mypropertylk\protected\framework\web\CWebApplication.php(276): CController->run('images')
#2 C:\xampp\htdocs\mypropertylk\protected\framework\web\CWebApplication.php(135): CWebApplication->runController('site/images/nav...')
#3 C:\xampp\htdocs\mypropertylk\protected\framework\base\CApplication.php(162): CWebApplication->processRequest()
#4 C:\xampp\htdocs\mypropertylk\index.php(15): CApplication->run()
#5 {main}
REQUEST_URI=/mypropertylk/site/images/nav-head.png
HTTP_REFERER=http://localhost:81/mypropertylk/site/services?investment
---
2016/02/05 11:09:31 [error] [exception.CHttpException.404] exception 'CHttpException' with message 'The system is unable to find the requested action "images".' in C:\xampp\htdocs\mypropertylk\protected\framework\web\CController.php:484
Stack trace:
#0 C:\xampp\htdocs\mypropertylk\protected\framework\web\CController.php(271): CController->missingAction('images')
#1 C:\xampp\htdocs\mypropertylk\protected\framework\web\CWebApplication.php(276): CController->run('images')
#2 C:\xampp\htdocs\mypropertylk\protected\framework\web\CWebApplication.php(135): CWebApplication->runController('site/images/nav...')
#3 C:\xampp\htdocs\mypropertylk\protected\framework\base\CApplication.php(162): CWebApplication->processRequest()
#4 C:\xampp\htdocs\mypropertylk\index.php(15): CApplication->run()
#5 {main}
REQUEST_URI=/mypropertylk/site/images/nav-head.png
HTTP_REFERER=http://localhost:81/mypropertylk/site/services?investment
---
2016/02/05 11:09:42 [error] [exception.CHttpException.404] exception 'CHttpException' with message 'The system is unable to find the requested action "images".' in C:\xampp\htdocs\mypropertylk\protected\framework\web\CController.php:484
Stack trace:
#0 C:\xampp\htdocs\mypropertylk\protected\framework\web\CController.php(271): CController->missingAction('images')
#1 C:\xampp\htdocs\mypropertylk\protected\framework\web\CWebApplication.php(276): CController->run('images')
#2 C:\xampp\htdocs\mypropertylk\protected\framework\web\CWebApplication.php(135): CWebApplication->runController('site/images/nav...')
#3 C:\xampp\htdocs\mypropertylk\protected\framework\base\CApplication.php(162): CWebApplication->processRequest()
#4 C:\xampp\htdocs\mypropertylk\index.php(15): CApplication->run()
#5 {main}
REQUEST_URI=/mypropertylk/site/images/nav-head.png
HTTP_REFERER=http://localhost:81/mypropertylk/site/services?investment
---
2016/02/05 11:09:44 [error] [exception.CHttpException.404] exception 'CHttpException' with message 'The system is unable to find the requested action "images".' in C:\xampp\htdocs\mypropertylk\protected\framework\web\CController.php:484
Stack trace:
#0 C:\xampp\htdocs\mypropertylk\protected\framework\web\CController.php(271): CController->missingAction('images')
#1 C:\xampp\htdocs\mypropertylk\protected\framework\web\CWebApplication.php(276): CController->run('images')
#2 C:\xampp\htdocs\mypropertylk\protected\framework\web\CWebApplication.php(135): CWebApplication->runController('site/images/nav...')
#3 C:\xampp\htdocs\mypropertylk\protected\framework\base\CApplication.php(162): CWebApplication->processRequest()
#4 C:\xampp\htdocs\mypropertylk\index.php(15): CApplication->run()
#5 {main}
REQUEST_URI=/mypropertylk/site/images/nav-head.png
HTTP_REFERER=http://localhost:81/mypropertylk/site/services?investment
---
2016/02/05 11:10:30 [error] [exception.CHttpException.404] exception 'CHttpException' with message 'The system is unable to find the requested action "images".' in C:\xampp\htdocs\mypropertylk\protected\framework\web\CController.php:484
Stack trace:
#0 C:\xampp\htdocs\mypropertylk\protected\framework\web\CController.php(271): CController->missingAction('images')
#1 C:\xampp\htdocs\mypropertylk\protected\framework\web\CWebApplication.php(276): CController->run('images')
#2 C:\xampp\htdocs\mypropertylk\protected\framework\web\CWebApplication.php(135): CWebApplication->runController('site/images/nav...')
#3 C:\xampp\htdocs\mypropertylk\protected\framework\base\CApplication.php(162): CWebApplication->processRequest()
#4 C:\xampp\htdocs\mypropertylk\index.php(15): CApplication->run()
#5 {main}
REQUEST_URI=/mypropertylk/site/images/nav-head.png
HTTP_REFERER=http://localhost:81/mypropertylk/site/services?investment
---
2016/02/05 11:10:31 [error] [exception.CHttpException.404] exception 'CHttpException' with message 'The system is unable to find the requested action "images".' in C:\xampp\htdocs\mypropertylk\protected\framework\web\CController.php:484
Stack trace:
#0 C:\xampp\htdocs\mypropertylk\protected\framework\web\CController.php(271): CController->missingAction('images')
#1 C:\xampp\htdocs\mypropertylk\protected\framework\web\CWebApplication.php(276): CController->run('images')
#2 C:\xampp\htdocs\mypropertylk\protected\framework\web\CWebApplication.php(135): CWebApplication->runController('site/images/nav...')
#3 C:\xampp\htdocs\mypropertylk\protected\framework\base\CApplication.php(162): CWebApplication->processRequest()
#4 C:\xampp\htdocs\mypropertylk\index.php(15): CApplication->run()
#5 {main}
REQUEST_URI=/mypropertylk/site/images/nav-head.png
HTTP_REFERER=http://localhost:81/mypropertylk/site/services?investment
---
2016/02/05 11:10:55 [error] [exception.CHttpException.404] exception 'CHttpException' with message 'The system is unable to find the requested action "images".' in C:\xampp\htdocs\mypropertylk\protected\framework\web\CController.php:484
Stack trace:
#0 C:\xampp\htdocs\mypropertylk\protected\framework\web\CController.php(271): CController->missingAction('images')
#1 C:\xampp\htdocs\mypropertylk\protected\framework\web\CWebApplication.php(276): CController->run('images')
#2 C:\xampp\htdocs\mypropertylk\protected\framework\web\CWebApplication.php(135): CWebApplication->runController('site/images/nav...')
#3 C:\xampp\htdocs\mypropertylk\protected\framework\base\CApplication.php(162): CWebApplication->processRequest()
#4 C:\xampp\htdocs\mypropertylk\index.php(15): CApplication->run()
#5 {main}
REQUEST_URI=/mypropertylk/site/images/nav-head.png
HTTP_REFERER=http://localhost:81/mypropertylk/site/services?investment
---
2016/02/05 11:10:56 [error] [exception.CHttpException.404] exception 'CHttpException' with message 'The system is unable to find the requested action "images".' in C:\xampp\htdocs\mypropertylk\protected\framework\web\CController.php:484
Stack trace:
#0 C:\xampp\htdocs\mypropertylk\protected\framework\web\CController.php(271): CController->missingAction('images')
#1 C:\xampp\htdocs\mypropertylk\protected\framework\web\CWebApplication.php(276): CController->run('images')
#2 C:\xampp\htdocs\mypropertylk\protected\framework\web\CWebApplication.php(135): CWebApplication->runController('site/images/nav...')
#3 C:\xampp\htdocs\mypropertylk\protected\framework\base\CApplication.php(162): CWebApplication->processRequest()
#4 C:\xampp\htdocs\mypropertylk\index.php(15): CApplication->run()
#5 {main}
REQUEST_URI=/mypropertylk/site/images/nav-head.png
HTTP_REFERER=http://localhost:81/mypropertylk/site/services?investment
---
2016/02/05 11:12:04 [error] [exception.CHttpException.404] exception 'CHttpException' with message 'The system is unable to find the requested action "images".' in C:\xampp\htdocs\mypropertylk\protected\framework\web\CController.php:484
Stack trace:
#0 C:\xampp\htdocs\mypropertylk\protected\framework\web\CController.php(271): CController->missingAction('images')
#1 C:\xampp\htdocs\mypropertylk\protected\framework\web\CWebApplication.php(276): CController->run('images')
#2 C:\xampp\htdocs\mypropertylk\protected\framework\web\CWebApplication.php(135): CWebApplication->runController('site/images/nav...')
#3 C:\xampp\htdocs\mypropertylk\protected\framework\base\CApplication.php(162): CWebApplication->processRequest()
#4 C:\xampp\htdocs\mypropertylk\index.php(15): CApplication->run()
#5 {main}
REQUEST_URI=/mypropertylk/site/images/nav-head.png
HTTP_REFERER=http://localhost:81/mypropertylk/site/services?investment
---
2016/02/05 11:12:05 [error] [exception.CHttpException.404] exception 'CHttpException' with message 'The system is unable to find the requested action "images".' in C:\xampp\htdocs\mypropertylk\protected\framework\web\CController.php:484
Stack trace:
#0 C:\xampp\htdocs\mypropertylk\protected\framework\web\CController.php(271): CController->missingAction('images')
#1 C:\xampp\htdocs\mypropertylk\protected\framework\web\CWebApplication.php(276): CController->run('images')
#2 C:\xampp\htdocs\mypropertylk\protected\framework\web\CWebApplication.php(135): CWebApplication->runController('site/images/nav...')
#3 C:\xampp\htdocs\mypropertylk\protected\framework\base\CApplication.php(162): CWebApplication->processRequest()
#4 C:\xampp\htdocs\mypropertylk\index.php(15): CApplication->run()
#5 {main}
REQUEST_URI=/mypropertylk/site/images/nav-head.png
HTTP_REFERER=http://localhost:81/mypropertylk/site/services?investment
---
2016/02/05 11:12:29 [error] [exception.CHttpException.404] exception 'CHttpException' with message 'The system is unable to find the requested action "images".' in C:\xampp\htdocs\mypropertylk\protected\framework\web\CController.php:484
Stack trace:
#0 C:\xampp\htdocs\mypropertylk\protected\framework\web\CController.php(271): CController->missingAction('images')
#1 C:\xampp\htdocs\mypropertylk\protected\framework\web\CWebApplication.php(276): CController->run('images')
#2 C:\xampp\htdocs\mypropertylk\protected\framework\web\CWebApplication.php(135): CWebApplication->runController('site/images/nav...')
#3 C:\xampp\htdocs\mypropertylk\protected\framework\base\CApplication.php(162): CWebApplication->processRequest()
#4 C:\xampp\htdocs\mypropertylk\index.php(15): CApplication->run()
#5 {main}
REQUEST_URI=/mypropertylk/site/images/nav-head.png
HTTP_REFERER=http://localhost:81/mypropertylk/site/services?investment
---
2016/02/05 11:12:29 [error] [exception.CHttpException.404] exception 'CHttpException' with message 'The system is unable to find the requested action "images".' in C:\xampp\htdocs\mypropertylk\protected\framework\web\CController.php:484
Stack trace:
#0 C:\xampp\htdocs\mypropertylk\protected\framework\web\CController.php(271): CController->missingAction('images')
#1 C:\xampp\htdocs\mypropertylk\protected\framework\web\CWebApplication.php(276): CController->run('images')
#2 C:\xampp\htdocs\mypropertylk\protected\framework\web\CWebApplication.php(135): CWebApplication->runController('site/images/nav...')
#3 C:\xampp\htdocs\mypropertylk\protected\framework\base\CApplication.php(162): CWebApplication->processRequest()
#4 C:\xampp\htdocs\mypropertylk\index.php(15): CApplication->run()
#5 {main}
REQUEST_URI=/mypropertylk/site/images/nav-head.png
HTTP_REFERER=http://localhost:81/mypropertylk/site/services?investment
---
2016/02/05 11:13:33 [error] [exception.CHttpException.404] exception 'CHttpException' with message 'The system is unable to find the requested action "images".' in C:\xampp\htdocs\mypropertylk\protected\framework\web\CController.php:484
Stack trace:
#0 C:\xampp\htdocs\mypropertylk\protected\framework\web\CController.php(271): CController->missingAction('images')
#1 C:\xampp\htdocs\mypropertylk\protected\framework\web\CWebApplication.php(276): CController->run('images')
#2 C:\xampp\htdocs\mypropertylk\protected\framework\web\CWebApplication.php(135): CWebApplication->runController('site/images/nav...')
#3 C:\xampp\htdocs\mypropertylk\protected\framework\base\CApplication.php(162): CWebApplication->processRequest()
#4 C:\xampp\htdocs\mypropertylk\index.php(15): CApplication->run()
#5 {main}
REQUEST_URI=/mypropertylk/site/images/nav-head.png
HTTP_REFERER=http://localhost:81/mypropertylk/site/services?investment
---
2016/02/05 11:13:34 [error] [exception.CHttpException.404] exception 'CHttpException' with message 'The system is unable to find the requested action "images".' in C:\xampp\htdocs\mypropertylk\protected\framework\web\CController.php:484
Stack trace:
#0 C:\xampp\htdocs\mypropertylk\protected\framework\web\CController.php(271): CController->missingAction('images')
#1 C:\xampp\htdocs\mypropertylk\protected\framework\web\CWebApplication.php(276): CController->run('images')
#2 C:\xampp\htdocs\mypropertylk\protected\framework\web\CWebApplication.php(135): CWebApplication->runController('site/images/nav...')
#3 C:\xampp\htdocs\mypropertylk\protected\framework\base\CApplication.php(162): CWebApplication->processRequest()
#4 C:\xampp\htdocs\mypropertylk\index.php(15): CApplication->run()
#5 {main}
REQUEST_URI=/mypropertylk/site/images/nav-head.png
HTTP_REFERER=http://localhost:81/mypropertylk/site/services?investment
---
2016/02/05 11:14:06 [error] [exception.CHttpException.404] exception 'CHttpException' with message 'The system is unable to find the requested action "images".' in C:\xampp\htdocs\mypropertylk\protected\framework\web\CController.php:484
Stack trace:
#0 C:\xampp\htdocs\mypropertylk\protected\framework\web\CController.php(271): CController->missingAction('images')
#1 C:\xampp\htdocs\mypropertylk\protected\framework\web\CWebApplication.php(276): CController->run('images')
#2 C:\xampp\htdocs\mypropertylk\protected\framework\web\CWebApplication.php(135): CWebApplication->runController('site/images/nav...')
#3 C:\xampp\htdocs\mypropertylk\protected\framework\base\CApplication.php(162): CWebApplication->processRequest()
#4 C:\xampp\htdocs\mypropertylk\index.php(15): CApplication->run()
#5 {main}
REQUEST_URI=/mypropertylk/site/images/nav-head.png
HTTP_REFERER=http://localhost:81/mypropertylk/site/services?investment
---
2016/02/05 11:14:09 [error] [exception.CHttpException.404] exception 'CHttpException' with message 'The system is unable to find the requested action "images".' in C:\xampp\htdocs\mypropertylk\protected\framework\web\CController.php:484
Stack trace:
#0 C:\xampp\htdocs\mypropertylk\protected\framework\web\CController.php(271): CController->missingAction('images')
#1 C:\xampp\htdocs\mypropertylk\protected\framework\web\CWebApplication.php(276): CController->run('images')
#2 C:\xampp\htdocs\mypropertylk\protected\framework\web\CWebApplication.php(135): CWebApplication->runController('site/images/nav...')
#3 C:\xampp\htdocs\mypropertylk\protected\framework\base\CApplication.php(162): CWebApplication->processRequest()
#4 C:\xampp\htdocs\mypropertylk\index.php(15): CApplication->run()
#5 {main}
REQUEST_URI=/mypropertylk/site/images/nav-head.png
HTTP_REFERER=http://localhost:81/mypropertylk/site/services?investment
---
2016/02/05 11:17:27 [error] [exception.CHttpException.404] exception 'CHttpException' with message 'The system is unable to find the requested action "images".' in C:\xampp\htdocs\mypropertylk\protected\framework\web\CController.php:484
Stack trace:
#0 C:\xampp\htdocs\mypropertylk\protected\framework\web\CController.php(271): CController->missingAction('images')
#1 C:\xampp\htdocs\mypropertylk\protected\framework\web\CWebApplication.php(276): CController->run('images')
#2 C:\xampp\htdocs\mypropertylk\protected\framework\web\CWebApplication.php(135): CWebApplication->runController('site/images/nav...')
#3 C:\xampp\htdocs\mypropertylk\protected\framework\base\CApplication.php(162): CWebApplication->processRequest()
#4 C:\xampp\htdocs\mypropertylk\index.php(15): CApplication->run()
#5 {main}
REQUEST_URI=/mypropertylk/site/images/nav-head.png
HTTP_REFERER=http://localhost:81/mypropertylk/site/services?investment
---
2016/02/05 11:17:28 [error] [exception.CHttpException.404] exception 'CHttpException' with message 'The system is unable to find the requested action "images".' in C:\xampp\htdocs\mypropertylk\protected\framework\web\CController.php:484
Stack trace:
#0 C:\xampp\htdocs\mypropertylk\protected\framework\web\CController.php(271): CController->missingAction('images')
#1 C:\xampp\htdocs\mypropertylk\protected\framework\web\CWebApplication.php(276): CController->run('images')
#2 C:\xampp\htdocs\mypropertylk\protected\framework\web\CWebApplication.php(135): CWebApplication->runController('site/images/nav...')
#3 C:\xampp\htdocs\mypropertylk\protected\framework\base\CApplication.php(162): CWebApplication->processRequest()
#4 C:\xampp\htdocs\mypropertylk\index.php(15): CApplication->run()
#5 {main}
REQUEST_URI=/mypropertylk/site/images/nav-head.png
HTTP_REFERER=http://localhost:81/mypropertylk/site/services?investment
---
2016/02/05 11:19:19 [error] [php] Undefined variable: page (C:\xampp\htdocs\mypropertylk\protected\views\list\property.php:577)
Stack trace:
#0 C:\xampp\htdocs\mypropertylk\protected\framework\web\CController.php(870): ListController->renderFile()
#1 C:\xampp\htdocs\mypropertylk\protected\framework\web\CController.php(783): ListController->renderPartial()
#2 C:\xampp\htdocs\mypropertylk\protected\controllers\List\PropertyAction.php(96): ListController->render()
#3 C:\xampp\htdocs\mypropertylk\protected\framework\web\actions\CAction.php(75): PropertyAction->run()
#4 C:\xampp\htdocs\mypropertylk\protected\framework\web\CController.php(309): PropertyAction->runWithParams()
#5 C:\xampp\htdocs\mypropertylk\protected\framework\web\CController.php(287): ListController->runAction()
#6 C:\xampp\htdocs\mypropertylk\protected\framework\web\CController.php(266): ListController->runActionWithFilters()
#7 C:\xampp\htdocs\mypropertylk\protected\framework\web\CWebApplication.php(276): ListController->run()
#8 C:\xampp\htdocs\mypropertylk\protected\framework\web\CWebApplication.php(135): CWebApplication->runController()
#9 C:\xampp\htdocs\mypropertylk\protected\framework\base\CApplication.php(162): CWebApplication->processRequest()
#10 C:\xampp\htdocs\mypropertylk\index.php(15): CWebApplication->run()
REQUEST_URI=/mypropertylk/list/property/type/images/nav-head.png
in C:\xampp\htdocs\mypropertylk\protected\views\list\property.php (577)
in C:\xampp\htdocs\mypropertylk\protected\controllers\List\PropertyAction.php (96)
in C:\xampp\htdocs\mypropertylk\index.php (15)
2016/02/05 11:19:20 [error] [exception.CHttpException.404] exception 'CHttpException' with message 'Unable to resolve the request "upload/propertyimages/image_86_4_1411448126.jpg".' in C:\xampp\htdocs\mypropertylk\protected\framework\web\CWebApplication.php:280
Stack trace:
#0 C:\xampp\htdocs\mypropertylk\protected\framework\web\CWebApplication.php(135): CWebApplication->runController('upload/property...')
#1 C:\xampp\htdocs\mypropertylk\protected\framework\base\CApplication.php(162): CWebApplication->processRequest()
#2 C:\xampp\htdocs\mypropertylk\index.php(15): CApplication->run()
#3 {main}
REQUEST_URI=/mypropertylk/upload/propertyimages/image_86_4_1411448126.jpg
HTTP_REFERER=http://localhost:81/mypropertylk/list/property/type/buy
---
2016/02/05 11:19:20 [error] [exception.CHttpException.404] exception 'CHttpException' with message 'Unable to resolve the request "upload/propertyimages/image_86_2_1411448125.jpg".' in C:\xampp\htdocs\mypropertylk\protected\framework\web\CWebApplication.php:280
Stack trace:
#0 C:\xampp\htdocs\mypropertylk\protected\framework\web\CWebApplication.php(135): CWebApplication->runController('upload/property...')
#1 C:\xampp\htdocs\mypropertylk\protected\framework\base\CApplication.php(162): CWebApplication->processRequest()
#2 C:\xampp\htdocs\mypropertylk\index.php(15): CApplication->run()
#3 {main}
REQUEST_URI=/mypropertylk/upload/propertyimages/image_86_2_1411448125.jpg
HTTP_REFERER=http://localhost:81/mypropertylk/list/property/type/buy
---
2016/02/05 11:19:20 [error] [exception.CHttpException.404] exception 'CHttpException' with message 'Unable to resolve the request "upload/propertyimages/image_86_5_1411448126.jpg".' in C:\xampp\htdocs\mypropertylk\protected\framework\web\CWebApplication.php:280
Stack trace:
#0 C:\xampp\htdocs\mypropertylk\protected\framework\web\CWebApplication.php(135): CWebApplication->runController('upload/property...')
#1 C:\xampp\htdocs\mypropertylk\protected\framework\base\CApplication.php(162): CWebApplication->processRequest()
#2 C:\xampp\htdocs\mypropertylk\index.php(15): CApplication->run()
#3 {main}
REQUEST_URI=/mypropertylk/upload/propertyimages/image_86_5_1411448126.jpg
HTTP_REFERER=http://localhost:81/mypropertylk/list/property/type/buy
---
2016/02/05 11:19:20 [error] [exception.CHttpException.404] exception 'CHttpException' with message 'Unable to resolve the request "upload/propertyimages/image_86_3_1411448125.jpg".' in C:\xampp\htdocs\mypropertylk\protected\framework\web\CWebApplication.php:280
Stack trace:
#0 C:\xampp\htdocs\mypropertylk\protected\framework\web\CWebApplication.php(135): CWebApplication->runController('upload/property...')
#1 C:\xampp\htdocs\mypropertylk\protected\framework\base\CApplication.php(162): CWebApplication->processRequest()
#2 C:\xampp\htdocs\mypropertylk\index.php(15): CApplication->run()
#3 {main}
REQUEST_URI=/mypropertylk/upload/propertyimages/image_86_3_1411448125.jpg
HTTP_REFERER=http://localhost:81/mypropertylk/list/property/type/buy
---
2016/02/05 11:19:20 [error] [exception.CHttpException.404] exception 'CHttpException' with message 'Unable to resolve the request "upload/propertyimages/image_86_6_1411448126.jpg".' in C:\xampp\htdocs\mypropertylk\protected\framework\web\CWebApplication.php:280
Stack trace:
#0 C:\xampp\htdocs\mypropertylk\protected\framework\web\CWebApplication.php(135): CWebApplication->runController('upload/property...')
#1 C:\xampp\htdocs\mypropertylk\protected\framework\base\CApplication.php(162): CWebApplication->processRequest()
#2 C:\xampp\htdocs\mypropertylk\index.php(15): CApplication->run()
#3 {main}
REQUEST_URI=/mypropertylk/upload/propertyimages/image_86_6_1411448126.jpg
HTTP_REFERER=http://localhost:81/mypropertylk/list/property/type/buy
---
2016/02/05 11:19:20 [error] [exception.CHttpException.404] exception 'CHttpException' with message 'Unable to resolve the request "upload/propertyimages/image_86_1_1411448125.jpg".' in C:\xampp\htdocs\mypropertylk\protected\framework\web\CWebApplication.php:280
Stack trace:
#0 C:\xampp\htdocs\mypropertylk\protected\framework\web\CWebApplication.php(135): CWebApplication->runController('upload/property...')
#1 C:\xampp\htdocs\mypropertylk\protected\framework\base\CApplication.php(162): CWebApplication->processRequest()
#2 C:\xampp\htdocs\mypropertylk\index.php(15): CApplication->run()
#3 {main}
REQUEST_URI=/mypropertylk/upload/propertyimages/image_86_1_1411448125.jpg
HTTP_REFERER=http://localhost:81/mypropertylk/list/property/type/buy
---
2016/02/05 11:19:20 [error] [exception.CHttpException.404] exception 'CHttpException' with message 'Unable to resolve the request "upload/propertyimages/image_86_7_1411448127.jpg".' in C:\xampp\htdocs\mypropertylk\protected\framework\web\CWebApplication.php:280
Stack trace:
#0 C:\xampp\htdocs\mypropertylk\protected\framework\web\CWebApplication.php(135): CWebApplication->runController('upload/property...')
#1 C:\xampp\htdocs\mypropertylk\protected\framework\base\CApplication.php(162): CWebApplication->processRequest()
#2 C:\xampp\htdocs\mypropertylk\index.php(15): CApplication->run()
#3 {main}
REQUEST_URI=/mypropertylk/upload/propertyimages/image_86_7_1411448127.jpg
HTTP_REFERER=http://localhost:81/mypropertylk/list/property/type/buy
---
2016/02/05 11:19:20 [error] [exception.CHttpException.404] exception 'CHttpException' with message 'Unable to resolve the request "upload/propertyimages/image_86_11_1411448128.jpg".' in C:\xampp\htdocs\mypropertylk\protected\framework\web\CWebApplication.php:280
Stack trace:
#0 C:\xampp\htdocs\mypropertylk\protected\framework\web\CWebApplication.php(135): CWebApplication->runController('upload/property...')
#1 C:\xampp\htdocs\mypropertylk\protected\framework\base\CApplication.php(162): CWebApplication->processRequest()
#2 C:\xampp\htdocs\mypropertylk\index.php(15): CApplication->run()
#3 {main}
REQUEST_URI=/mypropertylk/upload/propertyimages/image_86_11_1411448128.jpg
HTTP_REFERER=http://localhost:81/mypropertylk/list/property/type/buy
---
2016/02/05 11:19:20 [error] [exception.CHttpException.404] exception 'CHttpException' with message 'Unable to resolve the request "upload/propertyimages/image_86_9_1411448127.jpg".' in C:\xampp\htdocs\mypropertylk\protected\framework\web\CWebApplication.php:280
Stack trace:
#0 C:\xampp\htdocs\mypropertylk\protected\framework\web\CWebApplication.php(135): CWebApplication->runController('upload/property...')
#1 C:\xampp\htdocs\mypropertylk\protected\framework\base\CApplication.php(162): CWebApplication->processRequest()
#2 C:\xampp\htdocs\mypropertylk\index.php(15): CApplication->run()
#3 {main}
REQUEST_URI=/mypropertylk/upload/propertyimages/image_86_9_1411448127.jpg
HTTP_REFERER=http://localhost:81/mypropertylk/list/property/type/buy
---
2016/02/05 11:19:20 [error] [exception.CHttpException.404] exception 'CHttpException' with message 'Unable to resolve the request "upload/propertyimages/image_86_10_1411448128.jpg".' in C:\xampp\htdocs\mypropertylk\protected\framework\web\CWebApplication.php:280
Stack trace:
#0 C:\xampp\htdocs\mypropertylk\protected\framework\web\CWebApplication.php(135): CWebApplication->runController('upload/property...')
#1 C:\xampp\htdocs\mypropertylk\protected\framework\base\CApplication.php(162): CWebApplication->processRequest()
#2 C:\xampp\htdocs\mypropertylk\index.php(15): CApplication->run()
#3 {main}
REQUEST_URI=/mypropertylk/upload/propertyimages/image_86_10_1411448128.jpg
HTTP_REFERER=http://localhost:81/mypropertylk/list/property/type/buy
---
2016/02/05 11:19:20 [error] [exception.CHttpException.404] exception 'CHttpException' with message 'Unable to resolve the request "upload/propertyimages/image_86_8_1411448127.jpg".' in C:\xampp\htdocs\mypropertylk\protected\framework\web\CWebApplication.php:280
Stack trace:
#0 C:\xampp\htdocs\mypropertylk\protected\framework\web\CWebApplication.php(135): CWebApplication->runController('upload/property...')
#1 C:\xampp\htdocs\mypropertylk\protected\framework\base\CApplication.php(162): CWebApplication->processRequest()
#2 C:\xampp\htdocs\mypropertylk\index.php(15): CApplication->run()
#3 {main}
REQUEST_URI=/mypropertylk/upload/propertyimages/image_86_8_1411448127.jpg
HTTP_REFERER=http://localhost:81/mypropertylk/list/property/type/buy
---
2016/02/05 11:19:20 [error] [exception.CHttpException.404] exception 'CHttpException' with message 'Unable to resolve the request "upload/propertyimages/image_86_12_1411448128.jpg".' in C:\xampp\htdocs\mypropertylk\protected\framework\web\CWebApplication.php:280
Stack trace:
#0 C:\xampp\htdocs\mypropertylk\protected\framework\web\CWebApplication.php(135): CWebApplication->runController('upload/property...')
#1 C:\xampp\htdocs\mypropertylk\protected\framework\base\CApplication.php(162): CWebApplication->processRequest()
#2 C:\xampp\htdocs\mypropertylk\index.php(15): CApplication->run()
#3 {main}
REQUEST_URI=/mypropertylk/upload/propertyimages/image_86_12_1411448128.jpg
HTTP_REFERER=http://localhost:81/mypropertylk/list/property/type/buy
---
2016/02/05 11:19:20 [error] [exception.CHttpException.404] exception 'CHttpException' with message 'Unable to resolve the request "upload/propertyimages/image_87_2_1411448129.jpg".' in C:\xampp\htdocs\mypropertylk\protected\framework\web\CWebApplication.php:280
Stack trace:
#0 C:\xampp\htdocs\mypropertylk\protected\framework\web\CWebApplication.php(135): CWebApplication->runController('upload/property...')
#1 C:\xampp\htdocs\mypropertylk\protected\framework\base\CApplication.php(162): CWebApplication->processRequest()
#2 C:\xampp\htdocs\mypropertylk\index.php(15): CApplication->run()
#3 {main}
REQUEST_URI=/mypropertylk/upload/propertyimages/image_87_2_1411448129.jpg
HTTP_REFERER=http://localhost:81/mypropertylk/list/property/type/buy
---
2016/02/05 11:19:20 [error] [exception.CHttpException.404] exception 'CHttpException' with message 'Unable to resolve the request "upload/propertyimages/image_87_5_1411448129.jpg".' in C:\xampp\htdocs\mypropertylk\protected\framework\web\CWebApplication.php:280
Stack trace:
#0 C:\xampp\htdocs\mypropertylk\protected\framework\web\CWebApplication.php(135): CWebApplication->runController('upload/property...')
#1 C:\xampp\htdocs\mypropertylk\protected\framework\base\CApplication.php(162): CWebApplication->processRequest()
#2 C:\xampp\htdocs\mypropertylk\index.php(15): CApplication->run()
#3 {main}
REQUEST_URI=/mypropertylk/upload/propertyimages/image_87_5_1411448129.jpg
HTTP_REFERER=http://localhost:81/mypropertylk/list/property/type/buy
---
2016/02/05 11:19:20 [error] [exception.CHttpException.404] exception 'CHttpException' with message 'Unable to resolve the request "upload/propertyimages/image_87_4_1411448129.jpg".' in C:\xampp\htdocs\mypropertylk\protected\framework\web\CWebApplication.php:280
Stack trace:
#0 C:\xampp\htdocs\mypropertylk\protected\framework\web\CWebApplication.php(135): CWebApplication->runController('upload/property...')
#1 C:\xampp\htdocs\mypropertylk\protected\framework\base\CApplication.php(162): CWebApplication->processRequest()
#2 C:\xampp\htdocs\mypropertylk\index.php(15): CApplication->run()
#3 {main}
REQUEST_URI=/mypropertylk/upload/propertyimages/image_87_4_1411448129.jpg
HTTP_REFERER=http://localhost:81/mypropertylk/list/property/type/buy
---
2016/02/05 11:19:20 [error] [exception.CHttpException.404] exception 'CHttpException' with message 'Unable to resolve the request "upload/propertyimages/image_87_6_1411448130.jpg".' in C:\xampp\htdocs\mypropertylk\protected\framework\web\CWebApplication.php:280
Stack trace:
#0 C:\xampp\htdocs\mypropertylk\protected\framework\web\CWebApplication.php(135): CWebApplication->runController('upload/property...')
#1 C:\xampp\htdocs\mypropertylk\protected\framework\base\CApplication.php(162): CWebApplication->processRequest()
#2 C:\xampp\htdocs\mypropertylk\index.php(15): CApplication->run()
#3 {main}
REQUEST_URI=/mypropertylk/upload/propertyimages/image_87_6_1411448130.jpg
HTTP_REFERER=http://localhost:81/mypropertylk/list/property/type/buy
---
2016/02/05 11:19:20 [error] [exception.CHttpException.404] exception 'CHttpException' with message 'Unable to resolve the request "upload/propertyimages/image_87_1_1411448128.jpg".' in C:\xampp\htdocs\mypropertylk\protected\framework\web\CWebApplication.php:280
Stack trace:
#0 C:\xampp\htdocs\mypropertylk\protected\framework\web\CWebApplication.php(135): CWebApplication->runController('upload/property...')
#1 C:\xampp\htdocs\mypropertylk\protected\framework\base\CApplication.php(162): CWebApplication->processRequest()
#2 C:\xampp\htdocs\mypropertylk\index.php(15): CApplication->run()
#3 {main}
REQUEST_URI=/mypropertylk/upload/propertyimages/image_87_1_1411448128.jpg
HTTP_REFERER=http://localhost:81/mypropertylk/list/property/type/buy
---
2016/02/05 11:19:20 [error] [exception.CHttpException.404] exception 'CHttpException' with message 'Unable to resolve the request "upload/propertyimages/image_87_3_1411448129.jpg".' in C:\xampp\htdocs\mypropertylk\protected\framework\web\CWebApplication.php:280
Stack trace:
#0 C:\xampp\htdocs\mypropertylk\protected\framework\web\CWebApplication.php(135): CWebApplication->runController('upload/property...')
#1 C:\xampp\htdocs\mypropertylk\protected\framework\base\CApplication.php(162): CWebApplication->processRequest()
#2 C:\xampp\htdocs\mypropertylk\index.php(15): CApplication->run()
#3 {main}
REQUEST_URI=/mypropertylk/upload/propertyimages/image_87_3_1411448129.jpg
HTTP_REFERER=http://localhost:81/mypropertylk/list/property/type/buy
---
2016/02/05 11:19:20 [error] [exception.CHttpException.404] exception 'CHttpException' with message 'Unable to resolve the request "upload/propertyimages/image_87_7_1411448130.jpg".' in C:\xampp\htdocs\mypropertylk\protected\framework\web\CWebApplication.php:280
Stack trace:
#0 C:\xampp\htdocs\mypropertylk\protected\framework\web\CWebApplication.php(135): CWebApplication->runController('upload/property...')
#1 C:\xampp\htdocs\mypropertylk\protected\framework\base\CApplication.php(162): CWebApplication->processRequest()
#2 C:\xampp\htdocs\mypropertylk\index.php(15): CApplication->run()
#3 {main}
REQUEST_URI=/mypropertylk/upload/propertyimages/image_87_7_1411448130.jpg
HTTP_REFERER=http://localhost:81/mypropertylk/list/property/type/buy
---
2016/02/05 11:19:20 [error] [exception.CHttpException.404] exception 'CHttpException' with message 'Unable to resolve the request "upload/propertyimages/image_87_8_1411448130.jpg".' in C:\xampp\htdocs\mypropertylk\protected\framework\web\CWebApplication.php:280
Stack trace:
#0 C:\xampp\htdocs\mypropertylk\protected\framework\web\CWebApplication.php(135): CWebApplication->runController('upload/property...')
#1 C:\xampp\htdocs\mypropertylk\protected\framework\base\CApplication.php(162): CWebApplication->processRequest()
#2 C:\xampp\htdocs\mypropertylk\index.php(15): CApplication->run()
#3 {main}
REQUEST_URI=/mypropertylk/upload/propertyimages/image_87_8_1411448130.jpg
HTTP_REFERER=http://localhost:81/mypropertylk/list/property/type/buy
---
2016/02/05 11:19:20 [error] [exception.CHttpException.404] exception 'CHttpException' with message 'Unable to resolve the request "upload/propertyimages/image_87_9_1411448131.jpg".' in C:\xampp\htdocs\mypropertylk\protected\framework\web\CWebApplication.php:280
Stack trace:
#0 C:\xampp\htdocs\mypropertylk\protected\framework\web\CWebApplication.php(135): CWebApplication->runController('upload/property...')
#1 C:\xampp\htdocs\mypropertylk\protected\framework\base\CApplication.php(162): CWebApplication->processRequest()
#2 C:\xampp\htdocs\mypropertylk\index.php(15): CApplication->run()
#3 {main}
REQUEST_URI=/mypropertylk/upload/propertyimages/image_87_9_1411448131.jpg
HTTP_REFERER=http://localhost:81/mypropertylk/list/property/type/buy
---
2016/02/05 11:19:21 [error] [exception.CHttpException.404] exception 'CHttpException' with message 'Unable to resolve the request "upload/propertyimages/image_89_2_1411448132.jpg".' in C:\xampp\htdocs\mypropertylk\protected\framework\web\CWebApplication.php:280
Stack trace:
#0 C:\xampp\htdocs\mypropertylk\protected\framework\web\CWebApplication.php(135): CWebApplication->runController('upload/property...')
#1 C:\xampp\htdocs\mypropertylk\protected\framework\base\CApplication.php(162): CWebApplication->processRequest()
#2 C:\xampp\htdocs\mypropertylk\index.php(15): CApplication->run()
#3 {main}
REQUEST_URI=/mypropertylk/upload/propertyimages/image_89_2_1411448132.jpg
HTTP_REFERER=http://localhost:81/mypropertylk/list/property/type/buy
---
2016/02/05 11:19:21 [error] [exception.CHttpException.404] exception 'CHttpException' with message 'Unable to resolve the request "upload/propertyimages/image_89_4_1411448133.jpg".' in C:\xampp\htdocs\mypropertylk\protected\framework\web\CWebApplication.php:280
Stack trace:
#0 C:\xampp\htdocs\mypropertylk\protected\framework\web\CWebApplication.php(135): CWebApplication->runController('upload/property...')
#1 C:\xampp\htdocs\mypropertylk\protected\framework\base\CApplication.php(162): CWebApplication->processRequest()
#2 C:\xampp\htdocs\mypropertylk\index.php(15): CApplication->run()
#3 {main}
REQUEST_URI=/mypropertylk/upload/propertyimages/image_89_4_1411448133.jpg
HTTP_REFERER=http://localhost:81/mypropertylk/list/property/type/buy
---
2016/02/05 11:19:21 [error] [exception.CHttpException.404] exception 'CHttpException' with message 'Unable to resolve the request "upload/propertyimages/image_89_1_1411448132.jpg".' in C:\xampp\htdocs\mypropertylk\protected\framework\web\CWebApplication.php:280
Stack trace:
#0 C:\xampp\htdocs\mypropertylk\protected\framework\web\CWebApplication.php(135): CWebApplication->runController('upload/property...')
#1 C:\xampp\htdocs\mypropertylk\protected\framework\base\CApplication.php(162): CWebApplication->processRequest()
#2 C:\xampp\htdocs\mypropertylk\index.php(15): CApplication->run()
#3 {main}
REQUEST_URI=/mypropertylk/upload/propertyimages/image_89_1_1411448132.jpg
HTTP_REFERER=http://localhost:81/mypropertylk/list/property/type/buy
---
2016/02/05 11:19:21 [error] [exception.CHttpException.404] exception 'CHttpException' with message 'Unable to resolve the request "upload/propertyimages/image_89_5_1411448133.jpg".' in C:\xampp\htdocs\mypropertylk\protected\framework\web\CWebApplication.php:280
Stack trace:
#0 C:\xampp\htdocs\mypropertylk\protected\framework\web\CWebApplication.php(135): CWebApplication->runController('upload/property...')
#1 C:\xampp\htdocs\mypropertylk\protected\framework\base\CApplication.php(162): CWebApplication->processRequest()
#2 C:\xampp\htdocs\mypropertylk\index.php(15): CApplication->run()
#3 {main}
REQUEST_URI=/mypropertylk/upload/propertyimages/image_89_5_1411448133.jpg
HTTP_REFERER=http://localhost:81/mypropertylk/list/property/type/buy
---
2016/02/05 11:19:21 [error] [exception.CHttpException.404] exception 'CHttpException' with message 'Unable to resolve the request "upload/propertyimages/image_89_3_1411448132.jpg".' in C:\xampp\htdocs\mypropertylk\protected\framework\web\CWebApplication.php:280
Stack trace:
#0 C:\xampp\htdocs\mypropertylk\protected\framework\web\CWebApplication.php(135): CWebApplication->runController('upload/property...')
#1 C:\xampp\htdocs\mypropertylk\protected\framework\base\CApplication.php(162): CWebApplication->processRequest()
#2 C:\xampp\htdocs\mypropertylk\index.php(15): CApplication->run()
#3 {main}
REQUEST_URI=/mypropertylk/upload/propertyimages/image_89_3_1411448132.jpg
HTTP_REFERER=http://localhost:81/mypropertylk/list/property/type/buy
---
2016/02/05 11:20:50 [error] [exception.CHttpException.404] exception 'CHttpException' with message 'The system is unable to find the requested action "images".' in C:\xampp\htdocs\mypropertylk\protected\framework\web\CController.php:484
Stack trace:
#0 C:\xampp\htdocs\mypropertylk\protected\framework\web\CController.php(271): CController->missingAction('images')
#1 C:\xampp\htdocs\mypropertylk\protected\framework\web\CWebApplication.php(276): CController->run('images')
#2 C:\xampp\htdocs\mypropertylk\protected\framework\web\CWebApplication.php(135): CWebApplication->runController('list/images/nav...')
#3 C:\xampp\htdocs\mypropertylk\protected\framework\base\CApplication.php(162): CWebApplication->processRequest()
#4 C:\xampp\htdocs\mypropertylk\index.php(15): CApplication->run()
#5 {main}
REQUEST_URI=/mypropertylk/list/images/nav-head.png
HTTP_REFERER=http://localhost:81/mypropertylk/list/detail?pid=39
---
2016/02/05 11:21:28 [error] [php] Undefined variable: page (C:\xampp\htdocs\mypropertylk\protected\views\list\property.php:577)
Stack trace:
#0 C:\xampp\htdocs\mypropertylk\protected\framework\web\CController.php(870): ListController->renderFile()
#1 C:\xampp\htdocs\mypropertylk\protected\framework\web\CController.php(783): ListController->renderPartial()
#2 C:\xampp\htdocs\mypropertylk\protected\controllers\List\PropertyAction.php(96): ListController->render()
#3 C:\xampp\htdocs\mypropertylk\protected\framework\web\actions\CAction.php(75): PropertyAction->run()
#4 C:\xampp\htdocs\mypropertylk\protected\framework\web\CController.php(309): PropertyAction->runWithParams()
#5 C:\xampp\htdocs\mypropertylk\protected\framework\web\CController.php(287): ListController->runAction()
#6 C:\xampp\htdocs\mypropertylk\protected\framework\web\CController.php(266): ListController->runActionWithFilters()
#7 C:\xampp\htdocs\mypropertylk\protected\framework\web\CWebApplication.php(276): ListController->run()
#8 C:\xampp\htdocs\mypropertylk\protected\framework\web\CWebApplication.php(135): CWebApplication->runController()
#9 C:\xampp\htdocs\mypropertylk\protected\framework\base\CApplication.php(162): CWebApplication->processRequest()
#10 C:\xampp\htdocs\mypropertylk\index.php(15): CWebApplication->run()
REQUEST_URI=/mypropertylk/list/property/type/images/nav-head.png
in C:\xampp\htdocs\mypropertylk\protected\views\list\property.php (577)
in C:\xampp\htdocs\mypropertylk\protected\controllers\List\PropertyAction.php (96)
in C:\xampp\htdocs\mypropertylk\index.php (15)
2016/02/05 11:21:28 [error] [exception.CHttpException.404] exception 'CHttpException' with message 'Unable to resolve the request "upload/propertyimages/image_88_2_1411448131.jpg".' in C:\xampp\htdocs\mypropertylk\protected\framework\web\CWebApplication.php:280
Stack trace:
#0 C:\xampp\htdocs\mypropertylk\protected\framework\web\CWebApplication.php(135): CWebApplication->runController('upload/property...')
#1 C:\xampp\htdocs\mypropertylk\protected\framework\base\CApplication.php(162): CWebApplication->processRequest()
#2 C:\xampp\htdocs\mypropertylk\index.php(15): CApplication->run()
#3 {main}
REQUEST_URI=/mypropertylk/upload/propertyimages/image_88_2_1411448131.jpg
HTTP_REFERER=http://localhost:81/mypropertylk/list/property/type/rent
---
2016/02/05 11:21:28 [error] [exception.CHttpException.404] exception 'CHttpException' with message 'Unable to resolve the request "upload/propertyimages/image_88_3_1411448131.jpg".' in C:\xampp\htdocs\mypropertylk\protected\framework\web\CWebApplication.php:280
Stack trace:
#0 C:\xampp\htdocs\mypropertylk\protected\framework\web\CWebApplication.php(135): CWebApplication->runController('upload/property...')
#1 C:\xampp\htdocs\mypropertylk\protected\framework\base\CApplication.php(162): CWebApplication->processRequest()
#2 C:\xampp\htdocs\mypropertylk\index.php(15): CApplication->run()
#3 {main}
REQUEST_URI=/mypropertylk/upload/propertyimages/image_88_3_1411448131.jpg
HTTP_REFERER=http://localhost:81/mypropertylk/list/property/type/rent
---
2016/02/05 11:21:29 [error] [exception.CHttpException.404] exception 'CHttpException' with message 'Unable to resolve the request "upload/propertyimages/image_88_4_1411448132.jpg".' in C:\xampp\htdocs\mypropertylk\protected\framework\web\CWebApplication.php:280
Stack trace:
#0 C:\xampp\htdocs\mypropertylk\protected\framework\web\CWebApplication.php(135): CWebApplication->runController('upload/property...')
#1 C:\xampp\htdocs\mypropertylk\protected\framework\base\CApplication.php(162): CWebApplication->processRequest()
#2 C:\xampp\htdocs\mypropertylk\index.php(15): CApplication->run()
#3 {main}
REQUEST_URI=/mypropertylk/upload/propertyimages/image_88_4_1411448132.jpg
HTTP_REFERER=http://localhost:81/mypropertylk/list/property/type/rent
---
2016/02/05 11:21:28 [error] [exception.CHttpException.404] exception 'CHttpException' with message 'Unable to resolve the request "upload/propertyimages/image_88_1_1411448131.jpg".' in C:\xampp\htdocs\mypropertylk\protected\framework\web\CWebApplication.php:280
Stack trace:
#0 C:\xampp\htdocs\mypropertylk\protected\framework\web\CWebApplication.php(135): CWebApplication->runController('upload/property...')
#1 C:\xampp\htdocs\mypropertylk\protected\framework\base\CApplication.php(162): CWebApplication->processRequest()
#2 C:\xampp\htdocs\mypropertylk\index.php(15): CApplication->run()
#3 {main}
REQUEST_URI=/mypropertylk/upload/propertyimages/image_88_1_1411448131.jpg
HTTP_REFERER=http://localhost:81/mypropertylk/list/property/type/rent
---
2016/02/05 11:27:11 [error] [exception.CHttpException.404] exception 'CHttpException' with message 'The system is unable to find the requested action "images".' in C:\xampp\htdocs\mypropertylk\protected\framework\web\CController.php:484
Stack trace:
#0 C:\xampp\htdocs\mypropertylk\protected\framework\web\CController.php(271): CController->missingAction('images')
#1 C:\xampp\htdocs\mypropertylk\protected\framework\web\CWebApplication.php(276): CController->run('images')
#2 C:\xampp\htdocs\mypropertylk\protected\framework\web\CWebApplication.php(135): CWebApplication->runController('list/images/nav...')
#3 C:\xampp\htdocs\mypropertylk\protected\framework\base\CApplication.php(162): CWebApplication->processRequest()
#4 C:\xampp\htdocs\mypropertylk\index.php(15): CApplication->run()
#5 {main}
REQUEST_URI=/mypropertylk/list/images/nav-head.png
HTTP_REFERER=http://localhost:81/mypropertylk/list/detail?pid=39
---
2016/02/05 11:27:11 [error] [exception.CHttpException.404] exception 'CHttpException' with message 'The system is unable to find the requested action "images".' in C:\xampp\htdocs\mypropertylk\protected\framework\web\CController.php:484
Stack trace:
#0 C:\xampp\htdocs\mypropertylk\protected\framework\web\CController.php(271): CController->missingAction('images')
#1 C:\xampp\htdocs\mypropertylk\protected\framework\web\CWebApplication.php(276): CController->run('images')
#2 C:\xampp\htdocs\mypropertylk\protected\framework\web\CWebApplication.php(135): CWebApplication->runController('list/images/nav...')
#3 C:\xampp\htdocs\mypropertylk\protected\framework\base\CApplication.php(162): CWebApplication->processRequest()
#4 C:\xampp\htdocs\mypropertylk\index.php(15): CApplication->run()
#5 {main}
REQUEST_URI=/mypropertylk/list/images/nav-head.png
HTTP_REFERER=http://localhost:81/mypropertylk/list/detail?pid=39
---
2016/02/05 11:27:48 [error] [exception.CHttpException.404] exception 'CHttpException' with message 'The system is unable to find the requested action "images".' in C:\xampp\htdocs\mypropertylk\protected\framework\web\CController.php:484
Stack trace:
#0 C:\xampp\htdocs\mypropertylk\protected\framework\web\CController.php(271): CController->missingAction('images')
#1 C:\xampp\htdocs\mypropertylk\protected\framework\web\CWebApplication.php(276): CController->run('images')
#2 C:\xampp\htdocs\mypropertylk\protected\framework\web\CWebApplication.php(135): CWebApplication->runController('site/images/nav...')
#3 C:\xampp\htdocs\mypropertylk\protected\framework\base\CApplication.php(162): CWebApplication->processRequest()
#4 C:\xampp\htdocs\mypropertylk\index.php(15): CApplication->run()
#5 {main}
REQUEST_URI=/mypropertylk/site/images/nav-head.png
HTTP_REFERER=http://localhost:81/mypropertylk/site/contact
---
